<?xml version="1.0" encoding="UTF-8"?>
<testsuite name="behavioralPattern.MementoTest" tests="1" skipped="0" failures="0" errors="0" timestamp="2022-05-25T11:56:43" hostname="GFI05279.local" time="0.035">
  <properties/>
  <testcase name="Memento()" classname="behavioralPattern.MementoTest" time="0.035"/>
  <system-out><![CDATA[Current State: State #3
Second saved state: State #2
First saved state: initial state
]]></system-out>
  <system-err><![CDATA[]]></system-err>
</testsuite>
